<?xml version="1.0" encoding="UTF-8"?>
<testsuite xmlns:xsi="http://www.w3.org/2001/XMLSchema-instance" xsi:noNamespaceSchemaLocation="https://maven.apache.org/surefire/maven-surefire-plugin/xsd/surefire-test-report-3.0.xsd" version="3.0" name="com.nagornyi.appengine.MetadataKindsTest(sponge_log)" time="0.009" tests="1" errors="0" skipped="0" failures="0">
  <properties>
    <property name="java.specification.version" value="17"/>
    <property name="sun.cpu.isalist" value="amd64"/>
    <property name="sun.jnu.encoding" value="Cp1251"/>
    <property name="java.class.path" value="C:\Users\hopol\IdeaProjects\ukraina-centr-admin\target\test-classes;C:\Users\hopol\IdeaProjects\ukraina-centr-admin\target\ukraina-centr-admin-1.0-SNAPSHOT\WEB-INF\classes;C:\Users\hopol\.m2\repository\com\google\appengine\appengine-api-1.0-sdk\2.0.24\appengine-api-1.0-sdk-2.0.24.jar;C:\Users\hopol\.m2\repository\javax\servlet\javax.servlet-api\4.0.1\javax.servlet-api-4.0.1.jar;C:\Users\hopol\.m2\repository\org\apache\commons\commons-collections4\4.4\commons-collections4-4.4.jar;C:\Users\hopol\.m2\repository\com\fasterxml\jackson\core\jackson-databind\2.18.2\jackson-databind-2.18.2.jar;C:\Users\hopol\.m2\repository\com\fasterxml\jackson\core\jackson-annotations\2.18.2\jackson-annotations-2.18.2.jar;C:\Users\hopol\.m2\repository\com\fasterxml\jackson\core\jackson-core\2.18.2\jackson-core-2.18.2.jar;C:\Users\hopol\.m2\repository\com\google\auto\value\auto-value\1.10.4\auto-value-1.10.4.jar;C:\Users\hopol\.m2\repository\com\google\auto\value\auto-value-annotations\1.10.4\auto-value-annotations-1.10.4.jar;C:\Users\hopol\.m2\repository\com\google\code\findbugs\jsr305\3.0.2\jsr305-3.0.2.jar;C:\Users\hopol\.m2\repository\com\google\guava\guava\32.1.3-jre\guava-32.1.3-jre.jar;C:\Users\hopol\.m2\repository\com\google\guava\failureaccess\1.0.1\failureaccess-1.0.1.jar;C:\Users\hopol\.m2\repository\com\google\guava\listenablefuture\9999.0-empty-to-avoid-conflict-with-guava\listenablefuture-9999.0-empty-to-avoid-conflict-with-guava.jar;C:\Users\hopol\.m2\repository\org\checkerframework\checker-qual\3.37.0\checker-qual-3.37.0.jar;C:\Users\hopol\.m2\repository\com\google\errorprone\error_prone_annotations\2.21.1\error_prone_annotations-2.21.1.jar;C:\Users\hopol\.m2\repository\com\google\j2objc\j2objc-annotations\2.8\j2objc-annotations-2.8.jar;C:\Users\hopol\.m2\repository\org\projectlombok\lombok\1.18.30\lombok-1.18.30.jar;C:\Users\hopol\.m2\repository\junit\junit\4.13.2\junit-4.13.2.jar;C:\Users\hopol\.m2\repository\org\hamcrest\hamcrest-core\1.3\hamcrest-core-1.3.jar;C:\Users\hopol\.m2\repository\org\mockito\mockito-core\5.10.0\mockito-core-5.10.0.jar;C:\Users\hopol\.m2\repository\net\bytebuddy\byte-buddy\1.14.11\byte-buddy-1.14.11.jar;C:\Users\hopol\.m2\repository\net\bytebuddy\byte-buddy-agent\1.14.11\byte-buddy-agent-1.14.11.jar;C:\Users\hopol\.m2\repository\org\objenesis\objenesis\3.3\objenesis-3.3.jar;C:\Users\hopol\.m2\repository\com\google\appengine\appengine-testing\2.0.24\appengine-testing-2.0.24.jar;C:\Users\hopol\.m2\repository\com\google\appengine\appengine-api-stubs\2.0.24\appengine-api-stubs-2.0.24.jar;C:\Users\hopol\.m2\repository\com\google\appengine\appengine-tools-sdk\2.0.24\appengine-tools-sdk-2.0.24.jar;C:\Users\hopol\.m2\repository\com\google\appengine\appengine-remote-api\2.0.24\appengine-remote-api-2.0.24.jar;C:\Users\hopol\.m2\repository\com\google\truth\truth\1.4.0\truth-1.4.0.jar;C:\Users\hopol\.m2\repository\org\ow2\asm\asm\9.6\asm-9.6.jar;C:\Users\hopol\.m2\repository\com\github\spotbugs\spotbugs-annotations\4.5.0\spotbugs-annotations-4.5.0.jar;C:\Users\hopol\.m2\repository\com\google\cloud\google-cloud-core\2.3.2\google-cloud-core-2.3.2-tests.jar;C:\Users\hopol\.m2\repository\com\google\api\gax\2.42.0\gax-2.42.0.jar;C:\Users\hopol\.m2\repository\io\opencensus\opencensus-api\0.31.1\opencensus-api-0.31.1.jar;C:\Users\hopol\.m2\repository\io\grpc\grpc-context\1.61.0\grpc-context-1.61.0.jar;C:\Users\hopol\.m2\repository\io\grpc\grpc-api\1.61.0\grpc-api-1.61.0.jar;C:\Users\hopol\.m2\repository\com\google\protobuf\protobuf-java-util\3.25.2\protobuf-java-util-3.25.2.jar;C:\Users\hopol\.m2\repository\com\google\code\gson\gson\2.10.1\gson-2.10.1.jar;C:\Users\hopol\.m2\repository\com\google\api\grpc\proto-google-common-protos\2.33.0\proto-google-common-protos-2.33.0.jar;C:\Users\hopol\.m2\repository\com\google\api\grpc\proto-google-iam-v1\1.28.0\proto-google-iam-v1-1.28.0.jar;C:\Users\hopol\.m2\repository\org\threeten\threetenbp\1.5.2\threetenbp-1.5.2.jar;C:\Users\hopol\.m2\repository\com\google\api\api-common\2.25.0\api-common-2.25.0.jar;C:\Users\hopol\.m2\repository\javax\annotation\javax.annotation-api\1.3.2\javax.annotation-api-1.3.2.jar;C:\Users\hopol\.m2\repository\com\google\auth\google-auth-library-credentials\1.22.0\google-auth-library-credentials-1.22.0.jar;C:\Users\hopol\.m2\repository\com\google\auth\google-auth-library-oauth2-http\1.22.0\google-auth-library-oauth2-http-1.22.0.jar;C:\Users\hopol\.m2\repository\com\google\http-client\google-http-client\1.43.3\google-http-client-1.43.3.jar;C:\Users\hopol\.m2\repository\org\apache\httpcomponents\httpclient\4.5.14\httpclient-4.5.14.jar;C:\Users\hopol\.m2\repository\commons-logging\commons-logging\1.2\commons-logging-1.2.jar;C:\Users\hopol\.m2\repository\commons-codec\commons-codec\1.11\commons-codec-1.11.jar;C:\Users\hopol\.m2\repository\org\apache\httpcomponents\httpcore\4.4.16\httpcore-4.4.16.jar;C:\Users\hopol\.m2\repository\io\opencensus\opencensus-contrib-http-util\0.31.1\opencensus-contrib-http-util-0.31.1.jar;C:\Users\hopol\.m2\repository\com\google\http-client\google-http-client-gson\1.43.3\google-http-client-gson-1.43.3.jar;C:\Users\hopol\.m2\repository\com\google\protobuf\protobuf-java\3.25.2\protobuf-java-3.25.2.jar;"/>
    <property name="java.vm.vendor" value="Amazon.com Inc."/>
    <property name="sun.arch.data.model" value="64"/>
    <property name="user.variant" value=""/>
    <property name="java.vendor.url" value="https://aws.amazon.com/corretto/"/>
    <property name="user.timezone" value="Europe/Kiev"/>
    <property name="os.name" value="Windows 11"/>
    <property name="java.vm.specification.version" value="17"/>
    <property name="user.country" value="UA"/>
    <property name="sun.java.launcher" value="SUN_STANDARD"/>
    <property name="sun.boot.library.path" value="C:\Users\hopol\.jdks\corretto-17.0.16\bin"/>
    <property name="sun.java.command" value="C:\Users\hopol\AppData\Local\Temp\surefire5577991227802379765\surefirebooter15716170808019627817.jar C:\Users\hopol\AppData\Local\Temp\surefire5577991227802379765 2025-09-19T07-14-54_659-jvmRun1 surefire4102673175114602193tmp surefire_08568797389937372697tmp"/>
    <property name="jdk.debug" value="release"/>
    <property name="surefire.test.class.path" value="C:\Users\hopol\IdeaProjects\ukraina-centr-admin\target\test-classes;C:\Users\hopol\IdeaProjects\ukraina-centr-admin\target\ukraina-centr-admin-1.0-SNAPSHOT\WEB-INF\classes;C:\Users\hopol\.m2\repository\com\google\appengine\appengine-api-1.0-sdk\2.0.24\appengine-api-1.0-sdk-2.0.24.jar;C:\Users\hopol\.m2\repository\javax\servlet\javax.servlet-api\4.0.1\javax.servlet-api-4.0.1.jar;C:\Users\hopol\.m2\repository\org\apache\commons\commons-collections4\4.4\commons-collections4-4.4.jar;C:\Users\hopol\.m2\repository\com\fasterxml\jackson\core\jackson-databind\2.18.2\jackson-databind-2.18.2.jar;C:\Users\hopol\.m2\repository\com\fasterxml\jackson\core\jackson-annotations\2.18.2\jackson-annotations-2.18.2.jar;C:\Users\hopol\.m2\repository\com\fasterxml\jackson\core\jackson-core\2.18.2\jackson-core-2.18.2.jar;C:\Users\hopol\.m2\repository\com\google\auto\value\auto-value\1.10.4\auto-value-1.10.4.jar;C:\Users\hopol\.m2\repository\com\google\auto\value\auto-value-annotations\1.10.4\auto-value-annotations-1.10.4.jar;C:\Users\hopol\.m2\repository\com\google\code\findbugs\jsr305\3.0.2\jsr305-3.0.2.jar;C:\Users\hopol\.m2\repository\com\google\guava\guava\32.1.3-jre\guava-32.1.3-jre.jar;C:\Users\hopol\.m2\repository\com\google\guava\failureaccess\1.0.1\failureaccess-1.0.1.jar;C:\Users\hopol\.m2\repository\com\google\guava\listenablefuture\9999.0-empty-to-avoid-conflict-with-guava\listenablefuture-9999.0-empty-to-avoid-conflict-with-guava.jar;C:\Users\hopol\.m2\repository\org\checkerframework\checker-qual\3.37.0\checker-qual-3.37.0.jar;C:\Users\hopol\.m2\repository\com\google\errorprone\error_prone_annotations\2.21.1\error_prone_annotations-2.21.1.jar;C:\Users\hopol\.m2\repository\com\google\j2objc\j2objc-annotations\2.8\j2objc-annotations-2.8.jar;C:\Users\hopol\.m2\repository\org\projectlombok\lombok\1.18.30\lombok-1.18.30.jar;C:\Users\hopol\.m2\repository\junit\junit\4.13.2\junit-4.13.2.jar;C:\Users\hopol\.m2\repository\org\hamcrest\hamcrest-core\1.3\hamcrest-core-1.3.jar;C:\Users\hopol\.m2\repository\org\mockito\mockito-core\5.10.0\mockito-core-5.10.0.jar;C:\Users\hopol\.m2\repository\net\bytebuddy\byte-buddy\1.14.11\byte-buddy-1.14.11.jar;C:\Users\hopol\.m2\repository\net\bytebuddy\byte-buddy-agent\1.14.11\byte-buddy-agent-1.14.11.jar;C:\Users\hopol\.m2\repository\org\objenesis\objenesis\3.3\objenesis-3.3.jar;C:\Users\hopol\.m2\repository\com\google\appengine\appengine-testing\2.0.24\appengine-testing-2.0.24.jar;C:\Users\hopol\.m2\repository\com\google\appengine\appengine-api-stubs\2.0.24\appengine-api-stubs-2.0.24.jar;C:\Users\hopol\.m2\repository\com\google\appengine\appengine-tools-sdk\2.0.24\appengine-tools-sdk-2.0.24.jar;C:\Users\hopol\.m2\repository\com\google\appengine\appengine-remote-api\2.0.24\appengine-remote-api-2.0.24.jar;C:\Users\hopol\.m2\repository\com\google\truth\truth\1.4.0\truth-1.4.0.jar;C:\Users\hopol\.m2\repository\org\ow2\asm\asm\9.6\asm-9.6.jar;C:\Users\hopol\.m2\repository\com\github\spotbugs\spotbugs-annotations\4.5.0\spotbugs-annotations-4.5.0.jar;C:\Users\hopol\.m2\repository\com\google\cloud\google-cloud-core\2.3.2\google-cloud-core-2.3.2-tests.jar;C:\Users\hopol\.m2\repository\com\google\api\gax\2.42.0\gax-2.42.0.jar;C:\Users\hopol\.m2\repository\io\opencensus\opencensus-api\0.31.1\opencensus-api-0.31.1.jar;C:\Users\hopol\.m2\repository\io\grpc\grpc-context\1.61.0\grpc-context-1.61.0.jar;C:\Users\hopol\.m2\repository\io\grpc\grpc-api\1.61.0\grpc-api-1.61.0.jar;C:\Users\hopol\.m2\repository\com\google\protobuf\protobuf-java-util\3.25.2\protobuf-java-util-3.25.2.jar;C:\Users\hopol\.m2\repository\com\google\code\gson\gson\2.10.1\gson-2.10.1.jar;C:\Users\hopol\.m2\repository\com\google\api\grpc\proto-google-common-protos\2.33.0\proto-google-common-protos-2.33.0.jar;C:\Users\hopol\.m2\repository\com\google\api\grpc\proto-google-iam-v1\1.28.0\proto-google-iam-v1-1.28.0.jar;C:\Users\hopol\.m2\repository\org\threeten\threetenbp\1.5.2\threetenbp-1.5.2.jar;C:\Users\hopol\.m2\repository\com\google\api\api-common\2.25.0\api-common-2.25.0.jar;C:\Users\hopol\.m2\repository\javax\annotation\javax.annotation-api\1.3.2\javax.annotation-api-1.3.2.jar;C:\Users\hopol\.m2\repository\com\google\auth\google-auth-library-credentials\1.22.0\google-auth-library-credentials-1.22.0.jar;C:\Users\hopol\.m2\repository\com\google\auth\google-auth-library-oauth2-http\1.22.0\google-auth-library-oauth2-http-1.22.0.jar;C:\Users\hopol\.m2\repository\com\google\http-client\google-http-client\1.43.3\google-http-client-1.43.3.jar;C:\Users\hopol\.m2\repository\org\apache\httpcomponents\httpclient\4.5.14\httpclient-4.5.14.jar;C:\Users\hopol\.m2\repository\commons-logging\commons-logging\1.2\commons-logging-1.2.jar;C:\Users\hopol\.m2\repository\commons-codec\commons-codec\1.11\commons-codec-1.11.jar;C:\Users\hopol\.m2\repository\org\apache\httpcomponents\httpcore\4.4.16\httpcore-4.4.16.jar;C:\Users\hopol\.m2\repository\io\opencensus\opencensus-contrib-http-util\0.31.1\opencensus-contrib-http-util-0.31.1.jar;C:\Users\hopol\.m2\repository\com\google\http-client\google-http-client-gson\1.43.3\google-http-client-gson-1.43.3.jar;C:\Users\hopol\.m2\repository\com\google\protobuf\protobuf-java\3.25.2\protobuf-java-3.25.2.jar;"/>
    <property name="sun.cpu.endian" value="little"/>
    <property name="user.home" value="C:\Users\hopol"/>
    <property name="user.language" value="uk"/>
    <property name="java.specification.vendor" value="Oracle Corporation"/>
    <property name="java.version.date" value="2025-07-15"/>
    <property name="java.home" value="C:\Users\hopol\.jdks\corretto-17.0.16"/>
    <property name="file.separator" value="\"/>
    <property name="style.color" value="always"/>
    <property name="basedir" value="C:\Users\hopol\IdeaProjects\ukraina-centr-admin"/>
    <property name="java.vm.compressedOopsMode" value="Zero based"/>
    <property name="line.separator" value="&#10;"/>
    <property name="java.vm.specification.vendor" value="Oracle Corporation"/>
    <property name="java.specification.name" value="Java Platform API Specification"/>
    <property name="surefire.real.class.path" value="C:\Users\hopol\AppData\Local\Temp\surefire5577991227802379765\surefirebooter15716170808019627817.jar"/>
    <property name="user.script" value=""/>
    <property name="sun.management.compiler" value="HotSpot 64-Bit Tiered Compilers"/>
    <property name="java.runtime.version" value="17.0.16+8-LTS"/>
    <property name="user.name" value="H.Oleh"/>
    <property name="path.separator" value=";"/>
    <property name="os.version" value="10.0"/>
    <property name="java.runtime.name" value="OpenJDK Runtime Environment"/>
    <property name="file.encoding" value="Cp1251"/>
    <property name="java.vm.name" value="OpenJDK 64-Bit Server VM"/>
    <property name="java.vendor.version" value="Corretto-17.0.16.8.1"/>
    <property name="maven.ext.class.path" value="C:\Program Files\JetBrains\IntelliJ IDEA 2025.2.1\plugins\maven\lib\maven-event-listener.jar"/>
    <property name="localRepository" value="C:\Users\hopol\.m2\repository"/>
    <property name="java.vendor.url.bug" value="https://github.com/corretto/corretto-17/issues/"/>
    <property name="java.io.tmpdir" value="C:\Users\hopol\AppData\Local\Temp\"/>
    <property name="idea.version" value="2025.2.1"/>
    <property name="java.version" value="17.0.16"/>
    <property name="user.dir" value="C:\Users\hopol\IdeaProjects\ukraina-centr-admin"/>
    <property name="os.arch" value="amd64"/>
    <property name="jansi.passthrough" value="true"/>
    <property name="java.vm.specification.name" value="Java Virtual Machine Specification"/>
    <property name="sun.os.patch.level" value=""/>
    <property name="native.encoding" value="Cp1251"/>
    <property name="java.library.path" value="C:\Users\hopol\.jdks\corretto-17.0.16\bin;C:\WINDOWS\Sun\Java\bin;C:\WINDOWS\system32;C:\WINDOWS;C:\WINDOWS\system32;C:\WINDOWS;C:\WINDOWS\System32\Wbem;C:\WINDOWS\System32\WindowsPowerShell\v1.0\;C:\WINDOWS\System32\OpenSSH\;C:\Program Files\dotnet\;C:\Program Files\Git\cmd;C:\Users\hopol\AppData\Local\Programs\Python\Python313\Scripts\;C:\Users\hopol\AppData\Local\Programs\Python\Python313\;C:\Users\hopol\AppData\Local\Microsoft\WindowsApps;C:\Users\hopol\AppData\Local\Muse Hub\lib;."/>
    <property name="java.vm.info" value="mixed mode, sharing"/>
    <property name="java.vendor" value="Amazon.com Inc."/>
    <property name="java.vm.version" value="17.0.16+8-LTS"/>
    <property name="java.specification.maintenance.version" value="1"/>
    <property name="sun.io.unicode.encoding" value="UnicodeLittle"/>
    <property name="maven.repo.local" value="C:\Users\hopol\.m2\repository"/>
    <property name="java.class.version" value="61.0"/>
  </properties>
  <testcase name="printLowercaseKinds_printsKinds" classname="com.nagornyi.appengine.MetadataKindsTest(sponge_log)" time="0.007">
    <system-err><![CDATA[вер. 19, 2025 4:14:58 ДП com.google.appengine.api.datastore.dev.LocalDatastoreService init
INFO: Local Datastore initialized: 
	Type: High Replication
	Storage: In-memory
]]></system-err>
  </testcase>
</testsuite>